2015-04-01 16:10:41,971 INFO - MQServer: Listener is starting...
 2015-04-01 16:10:41,973 INFO - MQServer: Listener: ON
 2015-04-01 16:13:25,221 INFO - MQServer: Listener is starting...
 2015-04-01 16:14:26,192 INFO - MQServer: Listener is starting...
 2015-04-01 16:16:08,703 INFO - MQServer: Listener is starting...
 2015-04-01 16:28:18,393 INFO - MQServer: Listener is starting...
 2015-04-01 17:33:31,073 INFO - MQServer: Listener is starting...
 2015-04-01 17:40:01,922 INFO - MQServer: Listener is starting...
 2015-04-01 17:41:00,576 INFO - MQServer: Listener is starting...
 2015-04-01 17:48:43,269 INFO - MQServer: Listener is starting...
 2015-04-01 18:11:50,282 INFO - MQServer: Listener is starting...
 2015-04-01 18:22:40,915 INFO - MQServer: Listener: ON and Processing...
 2015-04-01 18:22:40,915 INFO - MQServer: Listener is starting...
 2015-04-01 18:22:40,953 INFO - Router: Msg is to be verified.. 
 2015-04-01 18:22:41,056 INFO - Router: Verifying the message...
 2015-04-01 18:22:42,006 INFO - Router:  with Bit[3]=303030.
 2015-04-01 18:22:42,008 INFO - Router: Response msg that's sent: 02107C14010002C0800019   5188280232469701303030   125000000   125000000   115520000150324061801505          123458          12346IDR
 2015-04-01 18:22:42,012 INFO - MQServer: Sending verification message: success. 
 2015-04-01 18:22:42,013 INFO - MQServer: Listener: ON and Processing...
 2015-04-01 18:22:42,014 INFO - Router: Msg is to be verified.. 
 2015-04-01 18:22:42,014 INFO - Router: Verifying the message...
 2015-04-01 18:22:42,029 INFO - Router:  with Bit[3]=303030.
 2015-04-01 18:22:42,030 INFO - Router: Response msg that's sent: 02107C14010002C0800019   5188280232469701303030   126000000   126000000   115520000150324061801505          223452          12346IDR
 2015-04-01 18:22:42,030 INFO - MQServer: Sending verification message: success. 
 2015-04-01 18:27:00,722 INFO - MQServer: Listener: ON and Processing...
 2015-04-01 18:27:00,746 INFO - Router: Msg is to be verified.. 
 2015-04-01 18:27:00,747 INFO - Router: Verifying the message...
 2015-04-01 18:27:00,764 INFO - Router:  with Bit[3]=303030.
 2015-04-01 18:27:00,764 INFO - Router: Response msg that's sent: 02107C14010002C0800019   5188280232469701303030   126000000   126000000   115520000150324061801505          223452          12346IDR
 2015-04-01 18:27:00,765 INFO - MQServer: Sending verification message: success. 
 2015-04-01 18:27:01,411 INFO - MQServer: Listener: ON and Processing...
 2015-04-01 18:27:01,411 INFO - Router: Msg is to be verified.. 
 2015-04-01 18:27:01,412 INFO - Router: Verifying the message...
 2015-04-01 18:27:01,432 INFO - Router:  with Bit[3]=303030.
 2015-04-01 18:27:01,432 INFO - Router: Response msg that's sent: 02107C14010002C0800019   5188280232469701303030   126000000   126000000   115520000150324061801505          223452          12346IDR
 2015-04-01 18:27:01,433 INFO - MQServer: Sending verification message: success. 
 2015-04-01 18:29:39,253 INFO - MQServer: Listener: ON and Processing...
 2015-04-01 18:29:39,253 INFO - MQServer: Listener is starting...
 2015-04-01 18:29:39,310 INFO - Router: Msg is to be verified.. 
 2015-04-01 18:29:39,393 INFO - Router: Verifying the message...
 2015-04-01 18:29:39,751 INFO - Router:  with Bit[3]=303030.
 2015-04-01 18:29:39,752 INFO - Router: Response msg that's sent: 02107C14010002C0800019   5188280232469701303030   126000000   126000000   115520000150324061801505          223452          12346IDR
 2015-04-01 18:29:39,756 INFO - MQServer: Sending verification message: success. 
 2015-04-01 18:29:39,757 INFO - MQServer: Listener: ON and Processing...
 2015-04-01 18:29:39,757 INFO - Router: Msg is to be verified.. 
 2015-04-01 18:29:39,757 INFO - Router: Verifying the message...
 2015-04-01 18:29:39,773 INFO - Router:  with Bit[3]=303030.
 2015-04-01 18:29:39,773 INFO - Router: Response msg that's sent: 02107C14010002C0800019   5188280232469701303030   126000000   126000000   115520000150324061801505          223452          12346IDR
 2015-04-01 18:29:39,774 INFO - MQServer: Sending verification message: success. 
 2015-04-01 18:29:39,786 INFO - MQServer: Listener: ON and Processing...
 2015-04-01 18:29:39,787 INFO - Router: Msg is to be verified.. 
 2015-04-01 18:29:39,788 INFO - Router: Verifying the message...
 2015-04-01 18:29:39,805 INFO - Router:  with Bit[3]=303030.
 2015-04-01 18:29:39,805 INFO - Router: Response msg that's sent: 02107C14010002C0800019   5188280232469701303030   126000000   126000000   115520000150324061801505          223452          12346IDR
 2015-04-01 18:29:39,806 INFO - MQServer: Sending verification message: success. 
 2015-04-01 18:29:39,806 INFO - MQServer: Listener: ON and Processing...
 2015-04-01 18:29:39,806 INFO - Router: Msg is to be verified.. 
 2015-04-01 18:29:39,807 INFO - Router: Verifying the message...
 2015-04-01 18:29:39,823 INFO - Router:  with Bit[3]=303030.
 2015-04-01 18:29:39,824 INFO - Router: Response msg that's sent: 02107C14010002C0800019   5188280232469701303030   126000000   126000000   115520000150324061801505          223452          12346IDR
 2015-04-01 18:29:39,824 INFO - MQServer: Sending verification message: success. 
 2015-04-01 18:31:53,002 INFO - MQServer: Listener: ON and Processing...
 2015-04-01 18:31:53,013 INFO - Router: Msg is to be verified.. 
 2015-04-01 18:31:53,014 INFO - Router: Verifying the message...
 2015-04-01 18:31:53,038 INFO - Router:  with Bit[3]=303030.
 2015-04-01 18:31:53,039 INFO - Router: Response msg that's sent: 02107C14010002C0800019   5188280232469701303030   126000000   126000000   115520000150324061801505          223452          12346IDR
 2015-04-01 18:31:53,039 INFO - MQServer: Sending verification message: success. 
 2015-04-01 18:36:19,638 INFO - MQServer: Listener: ON and Processing...
 2015-04-01 18:36:19,638 INFO - MQServer: Listener is starting...
 2015-04-01 18:36:19,672 INFO - Router: Msg is to be verified.. 
 2015-04-01 18:36:19,749 INFO - Router: Verifying the message...
 2015-04-01 18:36:20,078 INFO - Router:  with Bit[3]=303030.
 2015-04-01 18:36:20,080 INFO - Router: Response msg that's sent: 02107C14010002C0800019   5188280232469701303030   126000000   126000000   115520000150324061801505          223452          12346IDR
 2015-04-01 18:36:20,083 INFO - MQServer: Sending verification message: success. 
 2015-04-01 18:36:20,084 INFO - MQServer: Listener: ON and Processing...
 2015-04-01 18:36:20,084 INFO - Router: Msg is to be verified.. 
 2015-04-01 18:36:20,084 INFO - Router: Verifying the message...
 2015-04-01 18:36:20,099 INFO - Router:  with Bit[3]=303030.
 2015-04-01 18:36:20,100 INFO - Router: Response msg that's sent: 02107C14010002C0800019   5188280232469701303030   126000000   126000000   115520000150324061801505          223452          12346IDR
 2015-04-01 18:36:20,100 INFO - MQServer: Sending verification message: success. 
 2015-04-01 18:36:20,101 INFO - MQServer: Listener: ON and Processing...
 2015-04-01 18:36:20,101 INFO - Router: Msg is to be verified.. 
 2015-04-01 18:36:20,101 INFO - Router: Verifying the message...
 2015-04-01 18:36:20,116 INFO - Router:  with Bit[3]=303030.
 2015-04-01 18:36:20,117 INFO - Router: Response msg that's sent: 02107C14010002C0800019   5188280232469701303030   126000000   126000000   115520000150324061801505          223452          12346IDR
 2015-04-01 18:36:20,117 INFO - MQServer: Sending verification message: success. 
 2015-04-01 18:37:31,171 INFO - MQServer: Listener is starting...
 2015-04-01 18:37:49,767 INFO - MQServer: Listener: ON and Processing...
 2015-04-01 18:37:49,780 INFO - Router: Msg is to be verified.. 
 2015-04-01 18:37:49,781 INFO - Router: Verifying the message...
 2015-04-01 18:37:49,796 INFO - Router:  with Bit[3]=303030.
 2015-04-01 18:37:49,797 INFO - Router: Response msg that's sent: 02107C14010002C0800019   5188280232469701303030   126000000   126000000   115520000150324061801505          223452          12346IDR
 2015-04-01 18:37:49,797 INFO - MQServer: Sending verification message: success. 
 2015-04-01 18:37:55,967 INFO - MQServer: Listener: ON and Processing...
 2015-04-01 18:37:56,015 INFO - Router: Msg is to be verified.. 
 2015-04-01 18:37:56,083 INFO - Router: Verifying the message...
 2015-04-01 18:37:56,455 INFO - Router:  with Bit[3]=303030.
 2015-04-01 18:37:56,456 INFO - Router: Response msg that's sent: 02107C14010002C0800019   5188280232469701303030   126000000   126000000   115520000150324061801505          223452          12346IDR
 2015-04-01 18:37:56,460 INFO - MQServer: Sending verification message: success. 
 2015-04-01 18:42:09,243 INFO - MQServer: Listener: ON and Processing...
 2015-04-01 18:42:09,243 INFO - Router: Msg is to be verified.. 
 2015-04-01 18:42:09,244 INFO - Router: Verifying the message...
 2015-04-01 18:42:09,266 INFO - Router:  with Bit[3]=303030.
 2015-04-01 18:42:09,266 INFO - Router: Response msg that's sent: 02107C14010002C0800019   5188280232469701303030   126000000   126000000   115520000150324061801505          223452          12346IDR
 2015-04-01 18:42:09,267 INFO - MQServer: Sending verification message: success. 
 2015-04-01 18:42:18,422 INFO - MQServer: Listener is starting...
 2015-04-01 18:43:33,284 INFO - MQServer: Listener: ON and Processing...
 2015-04-01 18:43:33,284 INFO - Router: Msg is to be verified.. 
 2015-04-01 18:43:33,285 INFO - Router: Verifying the message...
 2015-04-01 18:43:33,530 INFO - Router:  with Bit[3]=303030.
 2015-04-01 18:43:33,531 INFO - Router: Response msg that's sent: 02107C14010002C0800019   5188280232469701303030   126000000   126000000   115520000150324061801505          223452          12346IDR
 2015-04-01 18:43:33,531 INFO - MQServer: Sending verification message: success. 
 2015-04-01 18:45:44,445 INFO - MQServer: Listener: ON and Processing...
 2015-04-01 18:45:44,455 INFO - Router: Msg is to be verified.. 
 2015-04-01 18:45:44,511 INFO - Router: Verifying the message...
 2015-04-01 18:45:45,597 INFO - Router:  with Bit[3]=303030.
 2015-04-01 18:45:45,598 INFO - Router: Response msg that's sent: 02107C14010002C0800019   5188280232469701303030   126000000   126000000   115520000150324061801505          223452          12346IDR
 2015-04-01 18:45:45,601 INFO - MQServer: Sending verification message: success. 
 2015-04-01 18:48:08,343 INFO - MQServer: Listener: ON and Processing...
 2015-04-01 18:48:08,343 INFO - Router: Msg is to be verified.. 
 2015-04-01 18:48:08,343 INFO - Router: Verifying the message...
 2015-04-01 18:48:08,766 INFO - Router:  with Bit[3]=303030.
 2015-04-01 18:48:08,767 INFO - Router: Response msg that's sent: 02107C14010002C0800019   5188280232469701303030   126000000   126000000   115520000150324061801505          223452          12346IDR
 2015-04-01 18:48:08,768 INFO - MQServer: Sending verification message: success. 
 2015-04-01 18:51:30,189 INFO - MQServer: Listener: ON and Processing...
 2015-04-01 18:51:30,189 INFO - MQServer: Listener is starting...
 2015-04-01 18:51:30,195 INFO - Router: Msg is to be verified.. 
 2015-04-01 18:51:30,253 INFO - Router: Verifying the message...
 2015-04-01 18:51:31,056 INFO - Router:  with Bit[3]=303030.
 2015-04-01 18:51:31,058 INFO - Router: Response msg that's sent: 02107C14010002C0800019   5188280232469701303030   126000000   126000000   115520000150324061801505          223452          12346IDR
 2015-04-01 18:51:31,063 INFO - MQServer: Sending verification message: success. 
 2015-04-01 18:51:31,064 INFO - MQServer: Listener: ON and Processing...
 2015-04-01 18:51:31,065 INFO - Router: Msg is to be verified.. 
 2015-04-01 18:51:31,065 INFO - Router: Verifying the message...
 2015-04-01 18:51:31,509 INFO - Router:  with Bit[3]=303030.
 2015-04-01 18:51:31,510 INFO - Router: Response msg that's sent: 02107C14010002C0800019   5188280232469701303030   126000000   126000000   115520000150324061801505          223452          12346IDR
 2015-04-01 18:51:31,511 INFO - MQServer: Sending verification message: success. 
 2015-04-01 18:51:31,511 INFO - MQServer: Listener: ON and Processing...
 2015-04-01 18:51:31,511 INFO - Router: Msg is to be verified.. 
 2015-04-01 18:51:31,512 INFO - Router: Verifying the message...
 2015-04-01 18:51:31,964 INFO - Router:  with Bit[3]=303030.
 2015-04-01 18:51:31,965 INFO - Router: Response msg that's sent: 02107C14010002C0800019   5188280232469701303030   126000000   126000000   115520000150324061801505          223452          12346IDR
 2015-04-01 18:51:31,966 INFO - MQServer: Sending verification message: success. 
 2015-04-01 19:00:51,556 INFO - MQServer: Listener: ON and Processing...
 2015-04-01 19:00:51,556 INFO - Router: Msg is to be verified.. 
 2015-04-01 19:00:51,557 INFO - Router: Verifying the message...
 2015-04-01 19:00:52,044 INFO - Router:  with Bit[3]=303030.
 2015-04-01 19:00:52,045 INFO - Router: Response msg that's sent: 02107C14010002C0800019   5188280232469701303030   126000000   126000000   115520000150324061801505          223452          12346IDR
 2015-04-01 19:00:52,045 INFO - MQServer: Sending verification message: success. 
 2015-04-01 19:01:22,556 INFO - MQServer: Listener is starting...
 2015-04-01 19:01:22,556 INFO - MQServer: Listener: ON and Processing...
 2015-04-01 19:01:22,562 INFO - Router: Msg is to be verified.. 
 2015-04-01 19:01:22,630 INFO - Router: Verifying the message...
 2015-04-01 19:01:23,455 INFO - Router:  with Bit[3]=303030.
 2015-04-01 19:01:23,457 INFO - Router: Response msg that's sent: 02107C14010002C0800019   5188280232469701303030   126000000   126000000   115520000150324061801505          223452          12346IDR
 2015-04-01 19:01:23,461 INFO - MQServer: Sending verification message: success. 
 2015-04-01 19:02:29,875 INFO - MQServer: Listener: ON and Processing...
 2015-04-01 19:02:29,875 INFO - Router: Msg is to be verified.. 
 2015-04-01 19:02:29,875 INFO - Router: Verifying the message...
 2015-04-01 19:02:30,373 INFO - Router:  with Bit[3]=303030.
 2015-04-01 19:02:30,374 INFO - Router: Response msg that's sent: 02107C14010002C0800019   5188280232469701303030   126000000   126000000   115520000150324061801505          223452          12346IDR
 2015-04-01 19:02:30,375 INFO - MQServer: Sending verification message: success. 
 2015-04-01 19:02:39,888 INFO - MQServer: Listener is starting...
 2015-04-01 19:02:45,690 INFO - MQServer: Listener: ON and Processing...
 2015-04-01 19:02:45,690 INFO - Router: Msg is to be verified.. 
 2015-04-01 19:02:45,691 INFO - Router: Verifying the message...
 2015-04-01 19:02:46,273 INFO - Router:  with Bit[3]=303030.
 2015-04-01 19:02:46,273 INFO - Router: Response msg that's sent: 02107C14010002C0800019   5188280232469701303030   126000000   126000000   115520000150324061801505          223452          12346IDR
 2015-04-01 19:02:46,274 INFO - MQServer: Sending verification message: success. 
 2015-04-01 19:08:20,087 INFO - MQServer: Listener: ON and Processing...
 2015-04-01 19:08:20,093 INFO - Router: Msg is to be verified.. 
 2015-04-01 19:08:20,156 INFO - Router: Verifying the message...
 2015-04-01 19:08:20,950 INFO - Router:  with Bit[3]=303030.
 2015-04-01 19:08:20,952 INFO - Router: Response msg that's sent: 02107C14010002C0800019   5188280232469701303030   126000000   126000000   115520000150324061801505          223452          12346IDR
 2015-04-01 19:08:20,955 INFO - MQServer: Sending verification message: success. 
 2015-04-01 19:10:19,743 INFO - MQServer: Listener: ON and Processing...
 2015-04-01 19:10:19,744 INFO - Router: Msg is to be verified.. 
 2015-04-01 19:10:19,745 INFO - Router: Verifying the message...
 2015-04-01 19:10:20,347 INFO - Router:  with Bit[3]=303030.
 2015-04-01 19:10:20,348 INFO - Router: Response msg that's sent: 02107C14010002C0800019   5188280232469701303030   126000000   126000000   115520000150324061801505          223452          12346IDR
 2015-04-01 19:10:20,349 INFO - MQServer: Sending verification message: success. 
 2015-04-01 19:10:41,114 INFO - MQServer: Listener is starting...
 2015-04-01 19:10:41,114 INFO - MQServer: Listener: ON and Processing...
 2015-04-01 19:10:41,120 INFO - Router: Msg is to be verified.. 
 2015-04-01 19:10:41,176 INFO - Router: Verifying the message...
 2015-04-01 19:10:41,960 INFO - Router:  with Bit[3]=303030.
 2015-04-01 19:10:41,962 INFO - Router: Response msg that's sent: 02107C14010002C0800019   5188280232469701303030   126000000   126000000   115520000150324061801505          223452          12346IDR
 2015-04-01 19:10:41,967 INFO - MQServer: Sending verification message: success. 
 2015-04-01 19:11:41,218 INFO - MQServer: Listener is starting...
 2015-04-01 19:11:41,218 INFO - MQServer: Listener: ON and Processing...
 2015-04-01 19:11:41,224 INFO - Router: Msg is to be verified.. 
 2015-04-01 19:11:41,287 INFO - Router: Verifying the message...
 2015-04-01 19:11:42,430 INFO - Router:  with Bit[3]=303030.
 2015-04-01 19:11:42,432 INFO - Router: Response msg that's sent: 02107C14010002C0800219   5188280232469701303030   126000000   126000000   115520000150324061801500          223452          12346IDR105                                                                                                      180
 2015-04-01 19:11:42,452 INFO - MQServer: Sending verification message: success. 
 2015-04-01 19:16:23,331 INFO - MQServer: Listener: ON and Processing...
 2015-04-01 19:16:23,331 INFO - MQServer: Listener is starting...
 2015-04-01 19:16:23,337 INFO - Router: Msg is to be verified.. 
 2015-04-01 19:16:23,390 INFO - Router: Verifying the message...
 2015-04-01 19:16:25,230 INFO - Router:  with Bit[3]=303030.
 2015-04-01 19:16:25,231 INFO - Router: Response msg that's sent: 02107C14010002C0800219   5188280232469701303030   126000000   126000000   115520000150324061801500          223452          12346IDR105                                                                                                      180
 2015-04-01 19:16:25,234 INFO - MQServer: Sending verification message: success. 
 2015-04-01 19:19:40,147 INFO - MQServer: Listener: ON and Processing...
 2015-04-01 19:19:40,147 INFO - MQServer: Listener is starting...
 2015-04-01 19:19:40,153 INFO - Router: Msg is to be verified.. 
 2015-04-01 19:19:40,210 INFO - Router: Verifying the message...
 2015-04-01 19:19:41,857 INFO - Router:  with Bit[3]=303030.
 2015-04-01 19:19:41,859 INFO - Router: Response msg that's sent: 02107C14010002C0800219   5188280232469701303030   126000000   126000000   115520000150324061801500          223452          12346IDR105                                                                                                      180
 2015-04-01 19:19:41,862 INFO - MQServer: Sending verification message: success. 
 2015-04-01 19:20:55,254 INFO - MQServer: Listener is starting...
 2015-04-01 19:21:16,924 INFO - MQServer: Listener is starting...
 2015-04-01 19:21:16,924 INFO - MQServer: Listener: ON and Processing...
 2015-04-01 19:21:16,930 INFO - Router: Msg is to be verified.. 
 2015-04-01 19:21:16,990 INFO - Router: Verifying the message...
 2015-04-01 19:21:18,903 INFO - Router:  with Bit[3]=303030.
 2015-04-01 19:21:18,904 INFO - Router: Response msg that's sent: 02107C14010002C0800219   5188280232469701303030   126000000   126000000   115520000150324061801500          223452          12346IDR105                                                                                                      180
 2015-04-01 19:21:18,907 INFO - MQServer: Sending verification message: success. 
 2015-04-01 19:24:51,675 INFO - MQServer: Listener is starting...
 2015-04-01 19:24:51,675 INFO - MQServer: Listener: ON and Processing...
 2015-04-01 19:24:51,682 INFO - Router: Msg is to be verified.. 
 2015-04-01 19:24:51,747 INFO - Router: Verifying the message...
 2015-04-01 19:24:53,863 INFO - Router:  with Bit[3]=303030.
 2015-04-01 19:24:53,864 INFO - Router: Response msg that's sent: 02107C14010002C0800219   5188280232469701303030   126000000   126000000   115520000150324061801500          223452          12346IDR105                                                                                                      180
 2015-04-01 19:24:53,867 INFO - MQServer: Sending verification message: success. 
 2015-04-01 19:29:31,955 INFO - MQServer: Listener is starting...
 2015-04-01 19:29:42,370 INFO - MQServer: Listener: ON and Processing...
 2015-04-01 19:29:42,379 INFO - Router: Msg is to be verified.. 
 2015-04-01 19:29:42,440 INFO - Router: Verifying the message...
 2015-04-01 19:29:43,940 INFO - Router:  with Bit[3]=303030.
 2015-04-01 19:29:43,942 INFO - Router: Response msg that's sent: 02107C14010002C0800219   5188280232469701303030   126000000   126000000   115520000150324061801500          223452          12346IDR105                                                                                                      180
 2015-04-01 19:29:43,947 INFO - MQServer: Sending verification message: success. 
 2015-04-01 19:30:10,373 INFO - MQServer: Listener: ON and Processing...
 2015-04-01 19:30:10,386 INFO - Router: Msg is to be verified.. 
 2015-04-01 19:30:10,387 INFO - Router: Verifying the message...
 2015-04-01 19:30:12,146 INFO - Router:  with Bit[3]=303030.
 2015-04-01 19:30:12,148 INFO - Router: Response msg that's sent: 02107C14010002C0800219   5188280232469701303030   126000000   126000000   115520000150324061801500          223452          12346IDR105                                                                                                      180
 2015-04-01 19:30:12,149 INFO - MQServer: Sending verification message: success. 
 2015-04-01 19:35:43,619 INFO - MQServer: Listener: ON and Processing...
 2015-04-01 19:35:43,619 INFO - Router: Msg is to be verified.. 
 2015-04-01 19:35:43,620 INFO - Router: Verifying the message...
 2015-04-01 19:35:45,303 INFO - Router:  with Bit[3]=303030.
 2015-04-01 19:35:45,304 INFO - Router: Response msg that's sent: 02107C14010002C0800219   5188280232469701303030   126000000   126000000   115520000150324061801500          223452          12346IDR105                                                                                                      180
 2015-04-01 19:35:45,304 INFO - MQServer: Sending verification message: success. 
 2015-04-01 19:36:08,005 INFO - MQServer: Listener is starting...
 2015-04-01 19:36:08,005 INFO - MQServer: Listener: ON and Processing...
 2015-04-01 19:36:08,010 INFO - Router: Msg is to be verified.. 
 2015-04-01 19:36:08,088 INFO - Router: Verifying the message...
 2015-04-01 19:36:11,049 INFO - Router:  with Bit[3]=303030.
 2015-04-01 19:36:11,052 INFO - Router: Response msg that's sent: 02107C14010002C0800219   5188280232469701303030   126000000   126000000   115520000150324061801500          223452          12346IDR105                                                                                                      180
 2015-04-01 19:36:11,057 INFO - MQServer: Sending verification message: success. 
 